<?xml version="1.0" encoding="UTF-8"?>
<!-- Generated by org.testng.reporters.JUnitReportReporter -->
<testsuite skipped="1" hostname="MET10" name="testsuites.FirefoxSuite" tests="1" failures="0" timestamp="24 May 2017 16:36:02 GMT" time="0.000" errors="0">
  <testcase name="testNewArticle" time="0.000" classname="testsuites.FirefoxSuite">
    <skipped/>
  </testcase> <!-- testNewArticle -->
</testsuite> <!-- testsuites.FirefoxSuite -->
